=============== LOG ENTRY BEGIN ===============
Fri Jan 13 2017 20:42:28 GMT-0600 (Central Standard Time)
 
TERMINAL COMMANDS:
$: C:\Program Files\nodejs\node.exe,C:\Users\OWNER\Google Drive\Bootcamp\Workspace\Homework_8\liri-node-app\liri.js,spotify_this_song,mercy say no
 
DATA OUTPUT:
Artist: Skyhell
Song: Say It
Preview Link of the Song: https://p.scdn.co/mp3-preview/3fbabe5b0ffdb9c5f8b76a1fabc28c12204e2b64?cid=null
Album: No Mercy
=============== LOG ENTRY END ===============
 
=============== LOG ENTRY BEGIN ===============
Fri Jan 13 2017 20:50:53 GMT-0600 (Central Standard Time)
 
TERMINAL COMMANDS:
$: C:\Program Files\nodejs\node.exe,C:\Users\OWNER\Google Drive\Bootcamp\Workspace\Homework_8\liri-node-app\liri.js,my_tweets
 
DATA OUTPUT:
1. Tweet: I have been trying to crack the server side of my app all day
Created at: Thu Jan 12 22:46:27 +0000 2017 
2. Tweet: I had a great time doing some coding projects: Worked on healthcare app
Created at: Thu Jan 12 22:45:44 +0000 2017 
3. Tweet: I really work hard on my codes and value persistence
Created at: Thu Jan 12 22:45:02 +0000 2017 
4. Tweet: I work hard and hold on to persistent tenaciously
Created at: Thu Jan 12 21:36:51 +0000 2017 
5. Tweet: You can create your own app - I am an excellent app creator
Created at: Thu Jan 12 21:36:19 +0000 2017 
6. Tweet: NodeJs, here I come!
Created at: Thu Jan 12 21:35:52 +0000 2017 
=============== LOG ENTRY END ===============
 
